TN:
SF:src/app.ts
FN:7,(anonymous_1)
FN:13,(anonymous_2)
FN:17,(anonymous_3)
FNF:3
FNH:3
FNDA:1,(anonymous_1)
FNDA:1,(anonymous_2)
FNDA:1,(anonymous_3)
DA:1,1
DA:2,1
DA:4,1
DA:8,1
DA:9,1
DA:10,1
DA:14,1
DA:18,1
LF:8
LH:8
BRF:0
BRH:0
end_of_record
TN:
SF:src/router.ts
FNF:0
FNH:0
DA:1,1
DA:2,1
DA:3,1
DA:5,1
DA:6,1
DA:7,1
DA:10,1
DA:13,1
DA:14,1
DA:15,1
DA:16,1
DA:18,1
LF:12
LH:12
BRF:0
BRH:0
end_of_record
TN:
SF:src/server.ts
FN:5,(anonymous_0)
FNF:1
FNH:0
FNDA:0,(anonymous_0)
DA:1,0
DA:3,0
DA:5,0
DA:6,0
LF:4
LH:0
BRF:0
BRH:0
end_of_record
TN:
SF:src/endpoints/home/HomeController.ts
FN:4,(anonymous_0)
FNF:1
FNH:0
FNDA:0,(anonymous_0)
DA:3,1
DA:5,0
LF:2
LH:1
BRF:0
BRH:0
end_of_record
TN:
SF:src/endpoints/users/UserController.ts
FN:7,(anonymous_0)
FN:11,(anonymous_1)
FN:24,(anonymous_2)
FN:46,(anonymous_3)
FN:64,(anonymous_4)
FNF:5
FNH:5
FNDA:1,(anonymous_0)
FNDA:3,(anonymous_1)
FNDA:2,(anonymous_2)
FNDA:2,(anonymous_3)
FNDA:2,(anonymous_4)
DA:3,1
DA:6,1
DA:8,1
DA:9,1
DA:11,1
DA:12,3
DA:18,1
DA:25,2
DA:27,2
DA:28,1
DA:32,1
DA:35,1
DA:40,1
DA:47,2
DA:48,2
DA:50,2
DA:51,1
DA:55,1
DA:58,1
DA:65,2
DA:67,2
DA:68,1
DA:72,1
DA:75,1
LF:24
LH:24
BRDA:27,0,0,1
BRDA:50,1,0,1
BRDA:67,2,0,1
BRF:3
BRH:3
end_of_record
TN:
SF:src/endpoints/users/userRepository.ts
FN:5,(anonymous_6)
FN:13,(anonymous_7)
FN:23,(anonymous_8)
FN:25,(anonymous_9)
FN:34,(anonymous_10)
FN:36,(anonymous_11)
FN:55,(anonymous_12)
FN:57,(anonymous_13)
FN:61,(anonymous_14)
FN:71,(anonymous_15)
FN:84,(anonymous_16)
FN:94,(anonymous_17)
FNF:12
FNH:1
FNDA:7,(anonymous_6)
FNDA:0,(anonymous_7)
FNDA:0,(anonymous_8)
FNDA:0,(anonymous_9)
FNDA:0,(anonymous_10)
FNDA:0,(anonymous_11)
FNDA:0,(anonymous_12)
FNDA:0,(anonymous_13)
FNDA:0,(anonymous_14)
FNDA:0,(anonymous_15)
FNDA:0,(anonymous_16)
FNDA:0,(anonymous_17)
DA:2,1
DA:3,1
DA:5,1
DA:6,7
DA:14,0
DA:24,0
DA:25,0
DA:35,0
DA:36,0
DA:39,0
DA:42,0
DA:44,0
DA:45,0
DA:46,0
DA:56,0
DA:57,0
DA:59,0
DA:61,0
DA:62,0
DA:63,0
DA:72,0
DA:73,0
DA:75,0
DA:76,0
DA:85,0
DA:95,0
DA:98,0
DA:99,0
DA:100,0
DA:105,0
DA:106,0
DA:107,0
DA:110,0
LF:33
LH:4
BRDA:39,0,0,0
BRDA:42,1,0,0
BRDA:59,2,0,0
BRDA:72,3,0,0
BRDA:99,4,0,0
BRDA:106,5,0,0
BRF:6
BRH:0
end_of_record
